<?xml version="1.0" encoding="UTF-8"?>
<testng-results skipped="0" failed="0" total="1" passed="1">
  <reporter-output>
  </reporter-output>
  <suite name="Default suite" duration-ms="34067" started-at="2019-06-14T05:03:46Z" finished-at="2019-06-14T05:04:20Z">
    <groups>
    </groups>
    <test name="Default test" duration-ms="34067" started-at="2019-06-14T05:03:46Z" finished-at="2019-06-14T05:04:20Z">
      <class name="com.manoj.testng.WebTableTest">
        <test-method status="PASS" signature="webtable()[pri:0, instance:com.manoj.testng.WebTableTest@58651fd0]" name="webtable" duration-ms="34020" started-at="2019-06-14T10:33:46Z" finished-at="2019-06-14T10:34:20Z">
          <reporter-output>
          </reporter-output>
        </test-method> <!-- webtable -->
      </class> <!-- com.manoj.testng.WebTableTest -->
    </test> <!-- Default test -->
  </suite> <!-- Default suite -->
</testng-results>
