<?xml version="1.0" encoding="UTF-8"?>
<!-- Generated by org.testng.reporters.JUnitXMLReporter -->
<testsuite hostname="vasu-PC" name="Vasu" tests="8" failures="0" timestamp="10 Jun 2019 05:18:56 GMT" time="51.443" errors="0">
  <testcase name="appClose" time="0.013" classname="com.manoj.testng.MultipleTestNg"/>
  <testcase name="appLaunch" time="0.003" classname="com.manoj.testng.MultipleTestNg"/>
  <testcase name="appLogin" time="0.002" classname="com.manoj.testng.MultipleTestNg"/>
  <testcase name="method1" time="0.006" classname="com.manoj.testng.AnnotationsTest"/>
  <testcase name="method2" time="0.003" classname="com.manoj.testng.AnnotationsTest"/>
  <testcase name="sample" time="0.005" classname="com.manoj.testng.FirstTestNgTest"/>
  <testcase name="adminLogin" time="36.526" classname="com.manoj.testng.AdminLoginTest"/>
  <testcase name="appLogin" time="1.725" classname="com.manoj.testng.BeforeTestAndAfterTest"/>
</testsuite> <!-- Vasu -->
